<?xml version="1.0" encoding="UTF-8"?>
<testsuite name="Escenarios de pureba Jenkins" tests="1" skipped="0" failures="0" errors="0" timestamp="2022-09-09T16:17:03" hostname="PSOFKA0346" time="0.32">
  <properties/>
  <testcase name="buscar una palabra en Google" classname="Escenarios de pureba Jenkins" time="0.32"/>
  <system-out><![CDATA[Hola mundo desde Screemplay
]]></system-out>
  <system-err><![CDATA[]]></system-err>
</testsuite>
